<?xml version="1.0" encoding="utf-8"?>
<?AutomationStudio Version="4.5.2.102"?>
<Objects>
  <Object
    Path="C:\Users\admin\Documents\kvbo-07-21\Karpov\prac11\Logical\Package.pkg"
    LogicalPath=""
    Type="Package.ParentUnknown"
    LastWriteTime="132896595305903247" />
  <Object
    Path="C:\Users\admin\Documents\kvbo-07-21\Karpov\prac11\Logical\Global.typ"
    LogicalPath="Global.typ"
    Type="File"
    LastWriteTime="132896577515767865"
    Private="false" />
  <Object
    Path="C:\Users\admin\Documents\kvbo-07-21\Karpov\prac11\Logical\Global.var"
    LogicalPath="Global.var"
    Type="File"
    LastWriteTime="132896606240385979"
    Private="false" />
  <Object
    Path="C:\Users\admin\Documents\kvbo-07-21\Karpov\prac11\Logical\Libraries\Package.pkg"
    LogicalPath="Libraries"
    Type="Package"
    LastWriteTime="132896579418136736" />
  <Object
    Path="C:\Users\admin\Documents\kvbo-07-21\Karpov\prac11\Logical\Libraries\operator\binary.lby"
    LogicalPath="Libraries.operator"
    Type="Library"
    LastWriteTime="132896577518892123" />
  <Object
    Path="C:\Users\admin\Documents\kvbo-07-21\Karpov\prac11\Logical\Libraries\operator\operator.fun"
    LogicalPath="Libraries.operator.operator.fun"
    Type="File"
    LastWriteTime="132896577518736228"
    Private="false" />
  <Object
    Path="C:\Users\admin\Documents\kvbo-07-21\Karpov\prac11\Logical\Libraries\operator\operator.typ"
    LogicalPath="Libraries.operator.operator.typ"
    Type="File"
    LastWriteTime="132896577518892123"
    Private="false" />
  <Object
    Path="C:\Users\admin\Documents\kvbo-07-21\Karpov\prac11\Logical\Libraries\operator\operator.var"
    LogicalPath="Libraries.operator.operator.var"
    Type="File"
    LastWriteTime="132896577518892123"
    Private="false" />
  <Object
    Path="C:\Users\admin\Documents\kvbo-07-21\Karpov\prac11\Logical\Libraries\runtime\binary.lby"
    LogicalPath="Libraries.runtime"
    Type="Library"
    LastWriteTime="132896577521860483" />
  <Object
    Path="C:\Users\admin\Documents\kvbo-07-21\Karpov\prac11\Logical\Libraries\runtime\runtime.fun"
    LogicalPath="Libraries.runtime.runtime.fun"
    Type="File"
    LastWriteTime="132896577521860483"
    Private="false" />
  <Object
    Path="C:\Users\admin\Documents\kvbo-07-21\Karpov\prac11\Logical\Libraries\runtime\runtime.typ"
    LogicalPath="Libraries.runtime.runtime.typ"
    Type="File"
    LastWriteTime="132896577521860483"
    Private="false" />
  <Object
    Path="C:\Users\admin\Documents\kvbo-07-21\Karpov\prac11\Logical\Libraries\runtime\runtime.var"
    LogicalPath="Libraries.runtime.runtime.var"
    Type="File"
    LastWriteTime="132896577521860483"
    Private="false" />
  <Object
    Path="C:\Users\admin\Documents\kvbo-07-21\Karpov\prac11\Logical\Libraries\astime\binary.lby"
    LogicalPath="Libraries.astime"
    Type="Library"
    LastWriteTime="132896577524984435" />
  <Object
    Path="C:\Users\admin\Documents\kvbo-07-21\Karpov\prac11\Logical\Libraries\astime\astime.fun"
    LogicalPath="Libraries.astime.astime.fun"
    Type="File"
    LastWriteTime="132896577524828215"
    Private="false" />
  <Object
    Path="C:\Users\admin\Documents\kvbo-07-21\Karpov\prac11\Logical\Libraries\astime\astime.typ"
    LogicalPath="Libraries.astime.astime.typ"
    Type="File"
    LastWriteTime="132896577524984435"
    Private="false" />
  <Object
    Path="C:\Users\admin\Documents\kvbo-07-21\Karpov\prac11\Logical\Libraries\astime\astime.var"
    LogicalPath="Libraries.astime.astime.var"
    Type="File"
    LastWriteTime="132896577524984435"
    Private="false" />
  <Object
    Path="C:\Users\admin\Documents\kvbo-07-21\Karpov\prac11\Logical\Libraries\AsIecCon\binary.lby"
    LogicalPath="Libraries.AsIecCon"
    Type="Library"
    LastWriteTime="132896577528108690" />
  <Object
    Path="C:\Users\admin\Documents\kvbo-07-21\Karpov\prac11\Logical\Libraries\AsIecCon\AsIecCon.fun"
    LogicalPath="Libraries.AsIecCon.AsIecCon.fun"
    Type="File"
    LastWriteTime="132896577528108690"
    Private="false" />
  <Object
    Path="C:\Users\admin\Documents\kvbo-07-21\Karpov\prac11\Logical\Libraries\AsIecCon\AsIecCon.typ"
    LogicalPath="Libraries.AsIecCon.AsIecCon.typ"
    Type="File"
    LastWriteTime="132896577528108690"
    Private="false" />
  <Object
    Path="C:\Users\admin\Documents\kvbo-07-21\Karpov\prac11\Logical\Libraries\AsIecCon\AsIecCon.var"
    LogicalPath="Libraries.AsIecCon.AsIecCon.var"
    Type="File"
    LastWriteTime="132896577528108690"
    Private="false" />
  <Object
    Path="C:\Users\admin\Documents\kvbo-07-21\Karpov\prac11\Logical\Libraries\Acp10man\Binary.lby"
    LogicalPath="Libraries.Acp10man"
    Type="Library"
    LastWriteTime="132896579298165244" />
  <Object
    Path="C:\Users\admin\Documents\kvbo-07-21\Karpov\prac11\Logical\Libraries\Acp10man\Acp10man.typ"
    LogicalPath="Libraries.Acp10man.Acp10man.typ"
    Type="File"
    LastWriteTime="132896579298165244"
    Private="false" />
  <Object
    Path="C:\Users\admin\Documents\kvbo-07-21\Karpov\prac11\Logical\Libraries\Acp10par\Binary.lby"
    LogicalPath="Libraries.Acp10par"
    Type="Library"
    LastWriteTime="132896579299258633" />
  <Object
    Path="C:\Users\admin\Documents\kvbo-07-21\Karpov\prac11\Logical\Libraries\Acp10par\Acp10par.var"
    LogicalPath="Libraries.Acp10par.Acp10par.var"
    Type="File"
    LastWriteTime="132896579299258633"
    Private="false" />
  <Object
    Path="C:\Users\admin\Documents\kvbo-07-21\Karpov\prac11\Logical\Libraries\NcGlobal\Binary.lby"
    LogicalPath="Libraries.NcGlobal"
    Type="Library"
    LastWriteTime="132896579299727282" />
  <Object
    Path="C:\Users\admin\Documents\kvbo-07-21\Karpov\prac11\Logical\Libraries\NcGlobal\NcGlobal.fun"
    LogicalPath="Libraries.NcGlobal.NcGlobal.fun"
    Type="File"
    LastWriteTime="132896579299571058"
    Private="false" />
  <Object
    Path="C:\Users\admin\Documents\kvbo-07-21\Karpov\prac11\Logical\Libraries\NcGlobal\NcGlobal.typ"
    LogicalPath="Libraries.NcGlobal.NcGlobal.typ"
    Type="File"
    LastWriteTime="132896579299571058"
    Private="false" />
  <Object
    Path="C:\Users\admin\Documents\kvbo-07-21\Karpov\prac11\Logical\Libraries\NcGlobal\NcGlobal.var"
    LogicalPath="Libraries.NcGlobal.NcGlobal.var"
    Type="File"
    LastWriteTime="132896579299571058"
    Private="false" />
  <Object
    Path="C:\Users\admin\Documents\kvbo-07-21\Karpov\prac11\Logical\Libraries\Acp10sdc\binary.lby"
    LogicalPath="Libraries.Acp10sdc"
    Type="Library"
    LastWriteTime="132896579393923967" />
  <Object
    Path="C:\Users\admin\Documents\kvbo-07-21\Karpov\prac11\Logical\Libraries\Acp10sdc\acp10sdc.var"
    LogicalPath="Libraries.Acp10sdc.acp10sdc.var"
    Type="File"
    LastWriteTime="132896579393767822"
    Private="false" />
  <Object
    Path="C:\Users\admin\Documents\kvbo-07-21\Karpov\prac11\Logical\Libraries\Acp10sdc\acp10sdc.typ"
    LogicalPath="Libraries.Acp10sdc.acp10sdc.typ"
    Type="File"
    LastWriteTime="132896579393767822"
    Private="false" />
  <Object
    Path="C:\Users\admin\Documents\kvbo-07-21\Karpov\prac11\Logical\Libraries\Acp10_MC\binary.lby"
    LogicalPath="Libraries.Acp10_MC"
    Type="Library"
    LastWriteTime="132896579402203292" />
  <Object
    Path="C:\Users\admin\Documents\kvbo-07-21\Karpov\prac11\Logical\Libraries\Acp10_MC\acp10_mc.fun"
    LogicalPath="Libraries.Acp10_MC.acp10_mc.fun"
    Type="File"
    LastWriteTime="132896579402046803"
    Private="false" />
  <Object
    Path="C:\Users\admin\Documents\kvbo-07-21\Karpov\prac11\Logical\Libraries\Acp10_MC\acp10_mc.typ"
    LogicalPath="Libraries.Acp10_MC.acp10_mc.typ"
    Type="File"
    LastWriteTime="132896579402046803"
    Private="false" />
  <Object
    Path="C:\Users\admin\Documents\kvbo-07-21\Karpov\prac11\Logical\Libraries\Acp10_MC\acp10_mc.var"
    LogicalPath="Libraries.Acp10_MC.acp10_mc.var"
    Type="File"
    LastWriteTime="132896579402203292"
    Private="false" />
  <Object
    Path="C:\Users\admin\Documents\kvbo-07-21\Karpov\prac11\Logical\Libraries\brsystem\binary.lby"
    LogicalPath="Libraries.brsystem"
    Type="Library"
    LastWriteTime="132896579402827866" />
  <Object
    Path="C:\Users\admin\Documents\kvbo-07-21\Karpov\prac11\Logical\Libraries\brsystem\brsystem.fun"
    LogicalPath="Libraries.brsystem.brsystem.fun"
    Type="File"
    LastWriteTime="132896579402671944"
    Private="false" />
  <Object
    Path="C:\Users\admin\Documents\kvbo-07-21\Karpov\prac11\Logical\Libraries\brsystem\brsystem.typ"
    LogicalPath="Libraries.brsystem.brsystem.typ"
    Type="File"
    LastWriteTime="132896579402827866"
    Private="false" />
  <Object
    Path="C:\Users\admin\Documents\kvbo-07-21\Karpov\prac11\Logical\Libraries\brsystem\brsystem.var"
    LogicalPath="Libraries.brsystem.brsystem.var"
    Type="File"
    LastWriteTime="132896579402827866"
    Private="false" />
  <Object
    Path="C:\Users\admin\Documents\kvbo-07-21\Karpov\prac11\Logical\Libraries\sys_lib\binary.lby"
    LogicalPath="Libraries.sys_lib"
    Type="Library"
    LastWriteTime="132896579403453022" />
  <Object
    Path="C:\Users\admin\Documents\kvbo-07-21\Karpov\prac11\Logical\Libraries\sys_lib\sys_lib.fun"
    LogicalPath="Libraries.sys_lib.sys_lib.fun"
    Type="File"
    LastWriteTime="132896579403296511"
    Private="false" />
  <Object
    Path="C:\Users\admin\Documents\kvbo-07-21\Karpov\prac11\Logical\Libraries\sys_lib\sys_lib.typ"
    LogicalPath="Libraries.sys_lib.sys_lib.typ"
    Type="File"
    LastWriteTime="132896579403296511"
    Private="false" />
  <Object
    Path="C:\Users\admin\Documents\kvbo-07-21\Karpov\prac11\Logical\Libraries\sys_lib\sys_lib.var"
    LogicalPath="Libraries.sys_lib.sys_lib.var"
    Type="File"
    LastWriteTime="132896579403453022"
    Private="false" />
  <Object
    Path="C:\Users\admin\Documents\kvbo-07-21\Karpov\prac11\Logical\Libraries\AsBrStr\binary.lby"
    LogicalPath="Libraries.AsBrStr"
    Type="Library"
    LastWriteTime="132896579417824319" />
  <Object
    Path="C:\Users\admin\Documents\kvbo-07-21\Karpov\prac11\Logical\Libraries\AsBrStr\AsBrStr.fun"
    LogicalPath="Libraries.AsBrStr.AsBrStr.fun"
    Type="File"
    LastWriteTime="132896579417824319"
    Private="false" />
  <Object
    Path="C:\Users\admin\Documents\kvbo-07-21\Karpov\prac11\Logical\Libraries\AsBrStr\AsBrStr.typ"
    LogicalPath="Libraries.AsBrStr.AsBrStr.typ"
    Type="File"
    LastWriteTime="132896579417824319"
    Private="false" />
  <Object
    Path="C:\Users\admin\Documents\kvbo-07-21\Karpov\prac11\Logical\Libraries\AsBrStr\AsBrStr.var"
    LogicalPath="Libraries.AsBrStr.AsBrStr.var"
    Type="File"
    LastWriteTime="132896579417824319"
    Private="false" />
  <Object
    Path="C:\Users\admin\Documents\kvbo-07-21\Karpov\prac11\Logical\ncsdcctrl\IEC.prg"
    LogicalPath="ncsdcctrl"
    Type="Program"
    LastWriteTime="132896579270671939" />
  <Object
    Path="C:\Users\admin\Documents\kvbo-07-21\Karpov\prac11\Logical\ncsdcctrl\ncsdcctrlCyclic.st"
    LogicalPath="ncsdcctrl.ncsdcctrlCyclic.st"
    Type="File"
    LastWriteTime="132896579490911842"
    Private="false" />
  <Object
    Path="C:\Users\admin\Documents\kvbo-07-21\Karpov\prac11\Logical\ncsdcctrl\ncsdcctrlInit.st"
    LogicalPath="ncsdcctrl.ncsdcctrlInit.st"
    Type="File"
    LastWriteTime="132896579490756060"
    Private="false" />
  <Object
    Path="C:\Users\admin\Documents\kvbo-07-21\Karpov\prac11\Logical\ncsdcctrl\ncsdcctrl.typ"
    LogicalPath="ncsdcctrl.ncsdcctrl.typ"
    Type="File"
    LastWriteTime="132896579282231421"
    Private="true" />
  <Object
    Path="C:\Users\admin\Documents\kvbo-07-21\Karpov\prac11\Logical\ncsdcctrl\ncsdcctrl.var"
    LogicalPath="ncsdcctrl.ncsdcctrl.var"
    Type="File"
    LastWriteTime="132896579499034875"
    Private="true" />
  <Object
    Path="C:\Users\admin\Documents\kvbo-07-21\Karpov\prac11\Logical\acp10etxen\Ett.dob"
    LogicalPath="acp10etxen"
    Type="DataObject"
    LastWriteTime="132896579385800869" />
  <Object
    Path="C:\Users\admin\Documents\kvbo-07-21\Karpov\prac11\Logical\acp10etxen\acp10etxen.ett"
    LogicalPath="acp10etxen.acp10etxen.ett"
    Type="File"
    LastWriteTime="132896579386738201"
    Private="false" />
  <Object
    Path="C:\Users\admin\Documents\kvbo-07-21\Karpov\prac11\Logical\gAxis01obj\Package.pkg"
    LogicalPath="gAxis01obj"
    Type="Package"
    LastWriteTime="132896579426728739" />
  <Object
    Path="C:\Users\admin\Documents\kvbo-07-21\Karpov\prac11\Logical\gAxis01obj\gAxis01a\Apt.dob"
    LogicalPath="gAxis01obj.gAxis01a"
    Type="DataObject"
    LastWriteTime="132896579422198557" />
  <Object
    Path="C:\Users\admin\Documents\kvbo-07-21\Karpov\prac11\Logical\gAxis01obj\gAxis01a\gAxis01a.apt"
    LogicalPath="gAxis01obj.gAxis01a.gAxis01a.apt"
    Type="File"
    LastWriteTime="132896579422511072"
    Private="false" />
  <Object
    Path="C:\Users\admin\Documents\kvbo-07-21\Karpov\prac11\Logical\gAxis01obj\gAxis01i\Ax.dob"
    LogicalPath="gAxis01obj.gAxis01i"
    Type="DataObject"
    LastWriteTime="132896579423448283" />
  <Object
    Path="C:\Users\admin\Documents\kvbo-07-21\Karpov\prac11\Logical\gAxis01obj\gAxis01i\gAxis01i.ax"
    LogicalPath="gAxis01obj.gAxis01i.gAxis01i.ax"
    Type="File"
    LastWriteTime="132896579426259811"
    Private="false" />
  <Object
    Path="C:\Users\admin\Documents\kvbo-07-21\Karpov\prac11\Logical\gAxis02obj\Package.pkg"
    LogicalPath="gAxis02obj"
    Type="Package"
    LastWriteTime="132896579495129837" />
  <Object
    Path="C:\Users\admin\Documents\kvbo-07-21\Karpov\prac11\Logical\gAxis02obj\gAxis02a\Apt.dob"
    LogicalPath="gAxis02obj.gAxis02a"
    Type="DataObject"
    LastWriteTime="132896579492630407" />
  <Object
    Path="C:\Users\admin\Documents\kvbo-07-21\Karpov\prac11\Logical\gAxis02obj\gAxis02a\gAxis02a.apt"
    LogicalPath="gAxis02obj.gAxis02a.gAxis02a.apt"
    Type="File"
    LastWriteTime="132896579492786351"
    Private="false" />
  <Object
    Path="C:\Users\admin\Documents\kvbo-07-21\Karpov\prac11\Logical\gAxis02obj\gAxis02i\Ax.dob"
    LogicalPath="gAxis02obj.gAxis02i"
    Type="DataObject"
    LastWriteTime="132896579493723936" />
  <Object
    Path="C:\Users\admin\Documents\kvbo-07-21\Karpov\prac11\Logical\gAxis02obj\gAxis02i\gAxis02i.ax"
    LogicalPath="gAxis02obj.gAxis02i.gAxis02i.ax"
    Type="File"
    LastWriteTime="132896579494817118"
    Private="false" />
  <Object
    Path="C:\Users\admin\Documents\kvbo-07-21\Karpov\prac11\Logical\Program\ANSIC.prg"
    LogicalPath="Program"
    Type="Program"
    LastWriteTime="132896595305747098" />
  <Object
    Path="C:\Users\admin\Documents\kvbo-07-21\Karpov\prac11\Logical\Program\Main.c"
    LogicalPath="Program.Main.c"
    Type="File"
    LastWriteTime="132896622218412944"
    Private="false" />
  <Object
    Path="C:\Users\admin\Documents\kvbo-07-21\Karpov\prac11\Logical\Program\Types.typ"
    LogicalPath="Program.Types.typ"
    Type="File"
    LastWriteTime="132896595305747098"
    Private="true" />
  <Object
    Path="C:\Users\admin\Documents\kvbo-07-21\Karpov\prac11\Logical\Program\Variables.var"
    LogicalPath="Program.Variables.var"
    Type="File"
    LastWriteTime="132896608500259874"
    Private="true" />
  <Object
    Path="C:\Users\admin\Documents\kvbo-07-21\Karpov\prac11\Physical\Config1\Config.pkg"
    LogicalPath="Config1"
    Type="Configuration.ParentUnknown"
    LastWriteTime="132896578490847453" />
  <Object
    Path="C:\Users\admin\Documents\kvbo-07-21\Karpov\prac11\Physical\Config1\Hardware.hw"
    LogicalPath="Config1.Hardware.hw"
    Type="File"
    LastWriteTime="132896586035279661"
    Private="false" />
  <Object
    Path="C:\Users\admin\Documents\kvbo-07-21\Karpov\prac11\Physical\Config1\Hardware.hwl"
    LogicalPath="Config1.Hardware.hwl"
    Type="File"
    LastWriteTime="132896586033405069"
    Private="false" />
  <Object
    Path="C:\Users\admin\Documents\kvbo-07-21\Karpov\prac11\Physical\Config1\4PP065_0571_P74\Cpu.pkg"
    LogicalPath="Config1.4PP065_0571_P74"
    Type="Cpu"
    LastWriteTime="132896586527240210" />
  <Object
    Path="C:\Users\admin\Documents\kvbo-07-21\Karpov\prac11\Physical\Config1\4PP065_0571_P74\Cpu.sw"
    LogicalPath="Config1.4PP065_0571_P74.Cpu.sw"
    Type="File"
    LastWriteTime="132896595309495924"
    Private="false" />
  <Object
    Path="C:\Users\admin\Documents\kvbo-07-21\Karpov\prac11\Physical\Config1\4PP065_0571_P74\Cpu.per"
    LogicalPath="Config1.4PP065_0571_P74.Cpu.per"
    Type="File"
    LastWriteTime="132896577529045972"
    Private="false" />
  <Object
    Path="C:\Users\admin\Documents\kvbo-07-21\Karpov\prac11\Physical\Config1\4PP065_0571_P74\IoMap.iom"
    LogicalPath="Config1.4PP065_0571_P74.IoMap.iom"
    Type="File"
    LastWriteTime="132896607616989719"
    Private="false" />
  <Object
    Path="C:\Users\admin\Documents\kvbo-07-21\Karpov\prac11\Physical\Config1\4PP065_0571_P74\PvMap.vvm"
    LogicalPath="Config1.4PP065_0571_P74.PvMap.vvm"
    Type="File"
    LastWriteTime="132896577529045972"
    Private="false" />
  <Object
    Path="C:\Users\admin\Documents\kvbo-07-21\Karpov\prac11\Physical\Config1\4PP065_0571_P74\Connectivity\Package.pkg"
    LogicalPath="Config1.4PP065_0571_P74.Connectivity"
    Type="Package"
    LastWriteTime="132896577529358390" />
  <Object
    Path="C:\Users\admin\Documents\kvbo-07-21\Karpov\prac11\Physical\Config1\4PP065_0571_P74\Connectivity\OpcUA\Package.pkg"
    LogicalPath="Config1.4PP065_0571_P74.Connectivity.OpcUA"
    Type="Package"
    LastWriteTime="132896577529358390" />
  <Object
    Path="C:\Users\admin\Documents\kvbo-07-21\Karpov\prac11\Physical\Config1\4PP065_0571_P74\TextSystem\Package.pkg"
    LogicalPath="Config1.4PP065_0571_P74.TextSystem"
    Type="Package"
    LastWriteTime="132896577529358390" />
  <Object
    Path="C:\Users\admin\Documents\kvbo-07-21\Karpov\prac11\Physical\Config1\4PP065_0571_P74\UnitSystem\Package.pkg"
    LogicalPath="Config1.4PP065_0571_P74.UnitSystem"
    Type="Package"
    LastWriteTime="132896577529514614" />
  <Object
    Path="C:\Users\admin\Documents\kvbo-07-21\Karpov\prac11\Physical\Config1\4PP065_0571_P74\AccessAndSecurity\Package.pkg"
    LogicalPath="Config1.4PP065_0571_P74.AccessAndSecurity"
    Type="Package"
    LastWriteTime="132896577529983251" />
  <Object
    Path="C:\Users\admin\Documents\kvbo-07-21\Karpov\prac11\Physical\Config1\4PP065_0571_P74\AccessAndSecurity\UserRoleSystem\Package.pkg"
    LogicalPath="Config1.4PP065_0571_P74.AccessAndSecurity.UserRoleSystem"
    Type="Package"
    LastWriteTime="132896577529670838" />
  <Object
    Path="C:\Users\admin\Documents\kvbo-07-21\Karpov\prac11\Physical\Config1\4PP065_0571_P74\AccessAndSecurity\UserRoleSystem\Role.role"
    LogicalPath="Config1.4PP065_0571_P74.AccessAndSecurity.UserRoleSystem.Role.role"
    Type="File"
    LastWriteTime="132896577529670838"
    Private="false" />
  <Object
    Path="C:\Users\admin\Documents\kvbo-07-21\Karpov\prac11\Physical\Config1\4PP065_0571_P74\AccessAndSecurity\UserRoleSystem\User.user"
    LogicalPath="Config1.4PP065_0571_P74.AccessAndSecurity.UserRoleSystem.User.user"
    Type="File"
    LastWriteTime="132896577529670838"
    Private="false" />
  <Object
    Path="C:\Users\admin\Documents\kvbo-07-21\Karpov\prac11\Physical\Config1\4PP065_0571_P74\AccessAndSecurity\CertificateStore\Package.pkg"
    LogicalPath="Config1.4PP065_0571_P74.AccessAndSecurity.CertificateStore"
    Type="Package"
    LastWriteTime="132896577529983251" />
  <Object
    Path="C:\Users\admin\Documents\kvbo-07-21\Karpov\prac11\Physical\Config1\4PP065_0571_P74\AccessAndSecurity\CertificateStore\OwnCertificates\Package.pkg"
    LogicalPath="Config1.4PP065_0571_P74.AccessAndSecurity.CertificateStore.OwnCertificates"
    Type="Package"
    LastWriteTime="132896577529827039" />
  <Object
    Path="C:\Users\admin\Documents\kvbo-07-21\Karpov\prac11\Physical\Config1\4PP065_0571_P74\AccessAndSecurity\CertificateStore\OwnCertificates\Certificates\Package.pkg"
    LogicalPath="Config1.4PP065_0571_P74.AccessAndSecurity.CertificateStore.OwnCertificates.Certificates"
    Type="Package"
    LastWriteTime="132896577529827039" />
  <Object
    Path="C:\Users\admin\Documents\kvbo-07-21\Karpov\prac11\Physical\Config1\4PP065_0571_P74\AccessAndSecurity\CertificateStore\OwnCertificates\PrivateKeys\Package.pkg"
    LogicalPath="Config1.4PP065_0571_P74.AccessAndSecurity.CertificateStore.OwnCertificates.PrivateKeys"
    Type="Package"
    LastWriteTime="132896577529827039" />
  <Object
    Path="C:\Users\admin\Documents\kvbo-07-21\Karpov\prac11\Physical\Config1\4PP065_0571_P74\AccessAndSecurity\CertificateStore\ThirdPartyCertificates\Package.pkg"
    LogicalPath="Config1.4PP065_0571_P74.AccessAndSecurity.CertificateStore.ThirdPartyCertificates"
    Type="Package"
    LastWriteTime="132896577529983251" />
  <Object
    Path="C:\Users\admin\Documents\kvbo-07-21\Karpov\prac11\Physical\Config1\4PP065_0571_P74\AccessAndSecurity\CertificateStore\ThirdPartyCertificates\SoftwareCertificates\Package.pkg"
    LogicalPath="Config1.4PP065_0571_P74.AccessAndSecurity.CertificateStore.ThirdPartyCertificates.SoftwareCertificates"
    Type="Package"
    LastWriteTime="132896577529827039" />
  <Object
    Path="C:\Users\admin\Documents\kvbo-07-21\Karpov\prac11\Physical\Config1\4PP065_0571_P74\AccessAndSecurity\CertificateStore\CertificateRevocationLists\Package.pkg"
    LogicalPath="Config1.4PP065_0571_P74.AccessAndSecurity.CertificateStore.CertificateRevocationLists"
    Type="Package"
    LastWriteTime="132896577529983251" />
  <Object
    Path="C:\Users\admin\Documents\kvbo-07-21\Karpov\prac11\Physical\Config1\4PP065_0571_P74\AccessAndSecurity\CertificateStore\CertificateSigningRequests\Package.pkg"
    LogicalPath="Config1.4PP065_0571_P74.AccessAndSecurity.CertificateStore.CertificateSigningRequests"
    Type="Package"
    LastWriteTime="132896577529983251" />
  <Object
    Path="C:\Users\admin\Documents\kvbo-07-21\Karpov\prac11\Physical\Config1\4PP065_0571_P74\AccessAndSecurity\TransportLayerSecurity\Package.pkg"
    LogicalPath="Config1.4PP065_0571_P74.AccessAndSecurity.TransportLayerSecurity"
    Type="Package"
    LastWriteTime="132896577529983251" />
  <Object
    Path="C:\Users\admin\Documents\kvbo-07-21\Karpov\prac11\Physical\Config1\4PP065_0571_P74\mappControl\Package.pkg"
    LogicalPath="Config1.4PP065_0571_P74.mappControl"
    Type="Package"
    LastWriteTime="132896577530139460" />
  <Object
    Path="C:\Users\admin\Documents\kvbo-07-21\Karpov\prac11\Physical\Config1\4PP065_0571_P74\mappMotion\Package.pkg"
    LogicalPath="Config1.4PP065_0571_P74.mappMotion"
    Type="Package"
    LastWriteTime="132896577530139460" />
  <Object
    Path="C:\Users\admin\Documents\kvbo-07-21\Karpov\prac11\Physical\Config1\4PP065_0571_P74\mappServices\Package.pkg"
    LogicalPath="Config1.4PP065_0571_P74.mappServices"
    Type="Package"
    LastWriteTime="132896577530139460" />
  <Object
    Path="C:\Users\admin\Documents\kvbo-07-21\Karpov\prac11\Physical\Config1\4PP065_0571_P74\mappView\Package.pkg"
    LogicalPath="Config1.4PP065_0571_P74.mappView"
    Type="Package"
    LastWriteTime="132896577530295673" />
  <Object
    Path="C:\Users\admin\Documents\kvbo-07-21\Karpov\prac11\Physical\Config1\4PP065_0571_P74\mappCockpit\Package.pkg"
    LogicalPath="Config1.4PP065_0571_P74.mappCockpit"
    Type="Package"
    LastWriteTime="132896577530295673" />
  <Object
    Path="C:\Users\admin\Documents\kvbo-07-21\Karpov\prac11\Physical\Config1\4PP065_0571_P74\Motion\Package.pkg"
    LogicalPath="Config1.4PP065_0571_P74.Motion"
    Type="Package"
    LastWriteTime="132896579304726098" />
  <Object
    Path="C:\Users\admin\Documents\kvbo-07-21\Karpov\prac11\Physical\Config1\4PP065_0571_P74\Motion\Acp10map.ncm"
    LogicalPath="Config1.4PP065_0571_P74.Motion.Acp10map.ncm"
    Type="File"
    LastWriteTime="132896579491536926"
    Private="false" />
  <Object
    Path="C:\Users\admin\Documents\kvbo-07-21\Karpov\prac11\Physical\Config1\4PP065_0571_P74\Motion\Acp10cfg.ncc"
    LogicalPath="Config1.4PP065_0571_P74.Motion.Acp10cfg.ncc"
    Type="File"
    LastWriteTime="132896579385488501"
    Private="false" />
  <Object
    Path="C:\Users\admin\Documents\kvbo-07-21\Karpov\prac11\Physical\Config1\4PP065_0571_P74\Motion\Acp10sys.br"
    LogicalPath="Config1.4PP065_0571_P74.Motion.Acp10sys.br"
    Type="File"
    LastWriteTime="132896579305507157"
    Private="false" />
  <Object
    Path="C:\Users\admin\Documents\kvbo-07-21\Karpov\prac11\Physical\Config1\Hardware.jpg"
    LogicalPath="Config1.Hardware.jpg"
    Type="File"
    LastWriteTime="132896622220130931"
    Private="false" />
</Objects>